C:\USERS\SONNT174\DOCUMENTS\VISUAL STUDIO 2010\PROJECTS\SON_3D\SON_3D\GENERATEDFILES\QRC_SON_3D.CPP
C:\USERS\SONNT174\DOCUMENTS\VISUAL STUDIO 2010\PROJECTS\SON_3D\SON_3D\GENERATEDFILES\RELEASE\MOC_SON_3D.CPP
C:\USERS\SONNT174\DOCUMENTS\VISUAL STUDIO 2010\PROJECTS\SON_3D\SON_3D\GENERATEDFILES\RELEASE\MOC_SON3DVIEW.CPP
C:\USERS\SONNT174\DOCUMENTS\VISUAL STUDIO 2010\PROJECTS\SON_3D\SON_3D\GENERATEDFILES\UI_SON_3D.H
C:\USERS\SONNT174\DOCUMENTS\VISUAL STUDIO 2010\PROJECTS\SON_3D\SON_3D\GENERATEDFILES\UI_SON_3D_VIEW.H
C:\USERS\SONNT174\DOCUMENTS\VISUAL STUDIO 2010\PROJECTS\SON_3D\SON_3D\RELEASE\BSP_TREE.OBJ
C:\Users\sonnt174\documents\visual studio 2010\Projects\SON_3D\SON_3D\Release\cl.command.1.tlog
C:\Users\sonnt174\documents\visual studio 2010\Projects\SON_3D\SON_3D\Release\CL.read.1.tlog
C:\Users\sonnt174\documents\visual studio 2010\Projects\SON_3D\SON_3D\Release\CL.write.1.tlog
C:\Users\sonnt174\documents\visual studio 2010\Projects\SON_3D\SON_3D\Release\custombuild.command.1.tlog
C:\Users\sonnt174\documents\visual studio 2010\Projects\SON_3D\SON_3D\Release\custombuild.read.1.tlog
C:\Users\sonnt174\documents\visual studio 2010\Projects\SON_3D\SON_3D\Release\custombuild.write.1.tlog
C:\USERS\SONNT174\DOCUMENTS\VISUAL STUDIO 2010\PROJECTS\SON_3D\SON_3D\RELEASE\ISYSTEMDRAWING.OBJ
C:\Users\sonnt174\documents\visual studio 2010\Projects\SON_3D\SON_3D\Release\link.command.1.tlog
C:\Users\sonnt174\documents\visual studio 2010\Projects\SON_3D\SON_3D\Release\link.read.1.tlog
C:\Users\sonnt174\documents\visual studio 2010\Projects\SON_3D\SON_3D\Release\link.write.1.tlog
C:\USERS\SONNT174\DOCUMENTS\VISUAL STUDIO 2010\PROJECTS\SON_3D\SON_3D\RELEASE\LINK2.OBJ
C:\USERS\SONNT174\DOCUMENTS\VISUAL STUDIO 2010\PROJECTS\SON_3D\SON_3D\RELEASE\MAIN.OBJ
C:\USERS\SONNT174\DOCUMENTS\VISUAL STUDIO 2010\PROJECTS\SON_3D\SON_3D\RELEASE\MATRIX4X4.OBJ
C:\USERS\SONNT174\DOCUMENTS\VISUAL STUDIO 2010\PROJECTS\SON_3D\SON_3D\RELEASE\MOC_SON_3D.OBJ
C:\USERS\SONNT174\DOCUMENTS\VISUAL STUDIO 2010\PROJECTS\SON_3D\SON_3D\RELEASE\MOC_SON3DVIEW.OBJ
C:\Users\sonnt174\documents\visual studio 2010\Projects\SON_3D\SON_3D\Release\mt.command.1.tlog
C:\Users\sonnt174\documents\visual studio 2010\Projects\SON_3D\SON_3D\Release\mt.read.1.tlog
C:\Users\sonnt174\documents\visual studio 2010\Projects\SON_3D\SON_3D\Release\mt.write.1.tlog
C:\USERS\SONNT174\DOCUMENTS\VISUAL STUDIO 2010\PROJECTS\SON_3D\SON_3D\RELEASE\POINT3D.OBJ
C:\USERS\SONNT174\DOCUMENTS\VISUAL STUDIO 2010\PROJECTS\SON_3D\SON_3D\RELEASE\POLYGON.OBJ
C:\USERS\SONNT174\DOCUMENTS\VISUAL STUDIO 2010\PROJECTS\SON_3D\SON_3D\RELEASE\QRC_SON_3D.OBJ
C:\USERS\SONNT174\DOCUMENTS\VISUAL STUDIO 2010\PROJECTS\SON_3D\SON_3D\RELEASE\QTDRAWING3D.OBJ
C:\USERS\SONNT174\DOCUMENTS\VISUAL STUDIO 2010\PROJECTS\SON_3D\SON_3D\RELEASE\SON_3D.EXE.INTERMEDIATE.MANIFEST
C:\USERS\SONNT174\DOCUMENTS\VISUAL STUDIO 2010\PROJECTS\SON_3D\SON_3D\RELEASE\SON_3D.OBJ
C:\USERS\SONNT174\DOCUMENTS\VISUAL STUDIO 2010\PROJECTS\SON_3D\SON_3D\RELEASE\SON3DVIEW.OBJ
C:\USERS\SONNT174\DOCUMENTS\VISUAL STUDIO 2010\PROJECTS\SON_3D\SON_3D\RELEASE\VECTOR3D.OBJ
C:\USERS\SONNT174\DOCUMENTS\VISUAL STUDIO 2010\PROJECTS\SON_3D\WIN32\RELEASE\SON_3D.EXE
