C:\USERS\SONNT174\DOCUMENTS\VISUAL STUDIO 2010\PROJECTS\SON_3D\SON_3D\DEBUG\BSP_TREE.OBJ
C:\Users\sonnt174\documents\visual studio 2010\Projects\SON_3D\SON_3D\Debug\cl.command.1.tlog
C:\Users\sonnt174\documents\visual studio 2010\Projects\SON_3D\SON_3D\Debug\CL.read.1.tlog
C:\Users\sonnt174\documents\visual studio 2010\Projects\SON_3D\SON_3D\Debug\CL.write.1.tlog
C:\Users\sonnt174\documents\visual studio 2010\Projects\SON_3D\SON_3D\Debug\custombuild.command.1.tlog
C:\Users\sonnt174\documents\visual studio 2010\Projects\SON_3D\SON_3D\Debug\custombuild.read.1.tlog
C:\Users\sonnt174\documents\visual studio 2010\Projects\SON_3D\SON_3D\Debug\custombuild.write.1.tlog
C:\USERS\SONNT174\DOCUMENTS\VISUAL STUDIO 2010\PROJECTS\SON_3D\SON_3D\DEBUG\ISYSTEMDRAWING.OBJ
C:\Users\sonnt174\documents\visual studio 2010\Projects\SON_3D\SON_3D\Debug\link.command.1.tlog
C:\Users\sonnt174\documents\visual studio 2010\Projects\SON_3D\SON_3D\Debug\link.read.1.tlog
C:\Users\sonnt174\documents\visual studio 2010\Projects\SON_3D\SON_3D\Debug\link.write.1.tlog
C:\USERS\SONNT174\DOCUMENTS\VISUAL STUDIO 2010\PROJECTS\SON_3D\SON_3D\DEBUG\LINK2.OBJ
C:\USERS\SONNT174\DOCUMENTS\VISUAL STUDIO 2010\PROJECTS\SON_3D\SON_3D\DEBUG\MAIN.OBJ
C:\USERS\SONNT174\DOCUMENTS\VISUAL STUDIO 2010\PROJECTS\SON_3D\SON_3D\DEBUG\MATRIX4X4.OBJ
C:\USERS\SONNT174\DOCUMENTS\VISUAL STUDIO 2010\PROJECTS\SON_3D\SON_3D\DEBUG\MOC_SON_3D.OBJ
C:\USERS\SONNT174\DOCUMENTS\VISUAL STUDIO 2010\PROJECTS\SON_3D\SON_3D\DEBUG\MOC_SON3DVIEW.OBJ
C:\Users\sonnt174\documents\visual studio 2010\Projects\SON_3D\SON_3D\Debug\mt.command.1.tlog
C:\Users\sonnt174\documents\visual studio 2010\Projects\SON_3D\SON_3D\Debug\mt.read.1.tlog
C:\Users\sonnt174\documents\visual studio 2010\Projects\SON_3D\SON_3D\Debug\mt.write.1.tlog
C:\USERS\SONNT174\DOCUMENTS\VISUAL STUDIO 2010\PROJECTS\SON_3D\SON_3D\DEBUG\POINT3D.OBJ
C:\USERS\SONNT174\DOCUMENTS\VISUAL STUDIO 2010\PROJECTS\SON_3D\SON_3D\DEBUG\POLYGON.OBJ
C:\USERS\SONNT174\DOCUMENTS\VISUAL STUDIO 2010\PROJECTS\SON_3D\SON_3D\DEBUG\QRC_SON_3D.OBJ
C:\USERS\SONNT174\DOCUMENTS\VISUAL STUDIO 2010\PROJECTS\SON_3D\SON_3D\DEBUG\QTDRAWING3D.OBJ
C:\USERS\SONNT174\DOCUMENTS\VISUAL STUDIO 2010\PROJECTS\SON_3D\SON_3D\DEBUG\SON_3D.EXE.INTERMEDIATE.MANIFEST
C:\USERS\SONNT174\DOCUMENTS\VISUAL STUDIO 2010\PROJECTS\SON_3D\SON_3D\DEBUG\SON_3D.OBJ
C:\USERS\SONNT174\DOCUMENTS\VISUAL STUDIO 2010\PROJECTS\SON_3D\SON_3D\DEBUG\SON3DVIEW.OBJ
C:\USERS\SONNT174\DOCUMENTS\VISUAL STUDIO 2010\PROJECTS\SON_3D\SON_3D\DEBUG\VC100.PDB
C:\USERS\SONNT174\DOCUMENTS\VISUAL STUDIO 2010\PROJECTS\SON_3D\SON_3D\DEBUG\VECTOR3D.OBJ
C:\USERS\SONNT174\DOCUMENTS\VISUAL STUDIO 2010\PROJECTS\SON_3D\SON_3D\GENERATEDFILES\DEBUG\MOC_SON_3D.CPP
C:\USERS\SONNT174\DOCUMENTS\VISUAL STUDIO 2010\PROJECTS\SON_3D\SON_3D\GENERATEDFILES\DEBUG\MOC_SON3DVIEW.CPP
C:\USERS\SONNT174\DOCUMENTS\VISUAL STUDIO 2010\PROJECTS\SON_3D\SON_3D\GENERATEDFILES\QRC_SON_3D.CPP
C:\USERS\SONNT174\DOCUMENTS\VISUAL STUDIO 2010\PROJECTS\SON_3D\SON_3D\GENERATEDFILES\UI_SON_3D.H
C:\USERS\SONNT174\DOCUMENTS\VISUAL STUDIO 2010\PROJECTS\SON_3D\SON_3D\GENERATEDFILES\UI_SON_3D_VIEW.H
C:\USERS\SONNT174\DOCUMENTS\VISUAL STUDIO 2010\PROJECTS\SON_3D\WIN32\DEBUG\SON_3D.EXE
C:\USERS\SONNT174\DOCUMENTS\VISUAL STUDIO 2010\PROJECTS\SON_3D\WIN32\DEBUG\SON_3D.ILK
C:\USERS\SONNT174\DOCUMENTS\VISUAL STUDIO 2010\PROJECTS\SON_3D\WIN32\DEBUG\SON_3D.PDB
